<?xml version="1.0" encoding="UTF-8"?>
<!-- Generated by org.testng.reporters.JUnitReportReporter -->
<testsuite hostname="DESK-HP" failures="0" tests="1" name="crm_dms_sample.Swag" time="12.331" errors="0" timestamp="13 Jul 2022 12:13:02 GMT" skipped="0">
  <testcase classname="crm_dms_sample.Swag" name="HomeSwagTest" time="12.331"/>
</testsuite> <!-- crm_dms_sample.Swag -->
