<?xml version="1.0" encoding="UTF-8"?>
<!-- Generated by org.testng.reporters.JUnitReportReporter -->
<testsuite hostname="DESK-HP" failures="0" tests="1" name="crm_dms_sample.Swag1" time="15.206" errors="0" timestamp="13 Jul 2022 13:46:48 GMT" skipped="0">
  <testcase classname="crm_dms_sample.Swag1" name="Login" time="15.206"/>
</testsuite> <!-- crm_dms_sample.Swag1 -->
